<?xml version="1.0" encoding="UTF-8"?>
<testsuites name="Amazon_Test_Suite" time="189.258" tests="5" failures="0" errors="0">
   <testsuite name="Amazon_Test_Suite" tests="5" failures="0" errors="0" time="189.258" skipped="0" timestamp="2024-01-30 19:53:32" hostname="yeddula sai lokesh - LAPTOP-66KHDLCV" id="Test Suites/Amazon_Test_Suite">
      <properties>
         <property name="deviceName" value=""/>
         <property name="devicePlatform" value=""/>
         <property name="logFolder" value="C:\\Users\\yeddula sai lokesh\\git\\Amazon_Test\\Reports\\20240130_195329\\Amazon_Test_Suite\\20240130_195329"/>
         <property name="logFiles" value="C:\\Users\\yeddula sai lokesh\\git\\Amazon_Test\\Reports\\20240130_195329\\Amazon_Test_Suite\\20240130_195329\\execution0.log"/>
         <property name="attachments" value=""/>
         <property name="hostName" value="yeddula sai lokesh - LAPTOP-66KHDLCV"/>
         <property name="os" value="Windows 11 64bit"/>
         <property name="katalonVersion" value="9.0.0.212"/>
         <property name="browser" value="Chrome 120.0.0.0"/>
         <property name="hostAddress" value="192.168.1.4"/>
         <property name="sessionId" value="207eefcebe5c5ddad3d11293949e7091"/>
         <property name="seleniumVersion" value="3.141.59"/>
         <property name="proxyInformation" value="ProxyInformation { proxyOption=NO_PROXY, proxyServerType=HTTP, username=, password=********, proxyServerAddress=, proxyServerPort=0, executionList=&quot;&quot;, isApplyToDesiredCapabilities=true }"/>
         <property name="platform" value="Windows 11"/>
      </properties>
      <testcase name="Test Cases/TC_Amazon_Home_001" time="19.611" classname="Test Cases/TC_Amazon_Home_001" status="PASSED">
         <system-out><![CDATA[2024-01-30 19:53:33 - [TEST_CASE][PASSED] - Test Cases/TC_Amazon_Home_001: Test Cases/TC_Amazon_Home_001

2024-01-30 19:53:33 - [TEST_STEP][PASSED] - openBrowser(""): Browser is opened with url: ''

2024-01-30 19:53:33 - [MESSAGE][INFO] - Starting 'Chrome' driver

2024-01-30 19:53:33 - [MESSAGE][INFO] - Action delay is set to 0 milliseconds

2024-01-30 19:53:34 - [MESSAGE][PASSED] - Browser is opened with url: ''

2024-01-30 19:53:34 - [TEST_STEP][PASSED] - navigateToUrl("https://www.amazon.com/"): Navigate to 'https://www.amazon.com/' successfully

2024-01-30 19:53:36 - [MESSAGE][PASSED] - Navigate to 'https://www.amazon.com/' successfully

2024-01-30 19:53:36 - [TEST_STEP][PASSED] - setText(findTestObject("Object Repository/TC_Amazon_Home_001_OR/Page_Amazon.com/input_field-keywords"), "FLTECK"): Text 'FLTECK' is set on object 'Object Repository/TC_Amazon_Home_001_OR/Page_Amazon.com/input_field-keywords'

2024-01-30 19:53:37 - [MESSAGE][PASSED] - Text 'FLTECK' is set on object 'Object Repository/TC_Amazon_Home_001_OR/Page_Amazon.com/input_field-keywords'

2024-01-30 19:53:37 - [TEST_STEP][PASSED] - click(findTestObject("Object Repository/TC_Amazon_Home_001_OR/Page_Amazon.com/button_Continue shopping")): Object: 'Object Repository/TC_Amazon_Home_001_OR/Page_Amazon.com/button_Continue shopping' is clicked on

2024-01-30 19:53:37 - [MESSAGE][PASSED] - Object: 'Object Repository/TC_Amazon_Home_001_OR/Page_Amazon.com/button_Continue shopping' is clicked on

2024-01-30 19:53:37 - [TEST_STEP][PASSED] - selectOptionByValue(findTestObject("Object Repository/TC_Amazon_Home_001_OR/Page_Amazon.com. Spend less. Smile more/select_All Departments        Arts  Crafts _135c92"), "search-alias=stripbooks-intl-ship", true): All options with value 'search-alias=stripbooks-intl-ship' are selected in object 'Object Repository/TC_Amazon_Home_001_OR/Page_Amazon.com. Spend less. Smile more/select_All Departments        Arts  Crafts _135c92'  using regular expression

2024-01-30 19:53:47 - [MESSAGE][PASSED] - All options with value 'search-alias=stripbooks-intl-ship' are selected in object 'Object Repository/TC_Amazon_Home_001_OR/Page_Amazon.com. Spend less. Smile more/select_All Departments        Arts  Crafts _135c92'  using regular expression

2024-01-30 19:53:47 - [TEST_STEP][PASSED] - setText(findTestObject("Object Repository/TC_Amazon_Home_001_OR/Page_Amazon.com. Spend less. Smile more/input_field-keywords"), "da vinci code"): Text 'da vinci code' is set on object 'Object Repository/TC_Amazon_Home_001_OR/Page_Amazon.com. Spend less. Smile more/input_field-keywords'

2024-01-30 19:53:48 - [MESSAGE][PASSED] - Text 'da vinci code' is set on object 'Object Repository/TC_Amazon_Home_001_OR/Page_Amazon.com. Spend less. Smile more/input_field-keywords'

2024-01-30 19:53:48 - [TEST_STEP][PASSED] - click(findTestObject("Object Repository/TC_Amazon_Home_001_OR/Page_Amazon.com. Spend less. Smile more/inputnav-search-submit-button")): Object: 'Object Repository/TC_Amazon_Home_001_OR/Page_Amazon.com. Spend less. Smile more/inputnav-search-submit-button' is clicked on

2024-01-30 19:53:52 - [MESSAGE][PASSED] - Object: 'Object Repository/TC_Amazon_Home_001_OR/Page_Amazon.com. Spend less. Smile more/inputnav-search-submit-button' is clicked on

2024-01-30 19:53:52 - [TEST_STEP][PASSED] - closeBrowser(): Browser is closed

2024-01-30 19:53:52 - [MESSAGE][PASSED] - Browser is closed]]></system-out>
         <system-err><![CDATA[]]></system-err>
      </testcase>
      <testcase name="Test Cases/TC_Amazon_Home_002" time="18.717" classname="Test Cases/TC_Amazon_Home_002" status="PASSED">
         <system-out><![CDATA[2024-01-30 19:53:52 - [TEST_CASE][PASSED] - Test Cases/TC_Amazon_Home_002: Test Cases/TC_Amazon_Home_002

2024-01-30 19:53:52 - [TEST_STEP][PASSED] - openBrowser(""): Browser is opened with url: ''

2024-01-30 19:53:52 - [MESSAGE][INFO] - Starting 'Chrome' driver

2024-01-30 19:53:52 - [MESSAGE][INFO] - Action delay is set to 0 milliseconds

2024-01-30 19:53:53 - [MESSAGE][PASSED] - Browser is opened with url: ''

2024-01-30 19:53:53 - [TEST_STEP][PASSED] - navigateToUrl("https://www.amazon.com/"): Navigate to 'https://www.amazon.com/' successfully

2024-01-30 19:53:54 - [MESSAGE][PASSED] - Navigate to 'https://www.amazon.com/' successfully

2024-01-30 19:53:54 - [TEST_STEP][PASSED] - setText(findTestObject("Object Repository/TC_Amazon_Home_002_OR/Page_Amazon.com/input_field-keywords"), "CMNPTF"): Text 'CMNPTF' is set on object 'Object Repository/TC_Amazon_Home_002_OR/Page_Amazon.com/input_field-keywords'

2024-01-30 19:53:55 - [MESSAGE][PASSED] - Text 'CMNPTF' is set on object 'Object Repository/TC_Amazon_Home_002_OR/Page_Amazon.com/input_field-keywords'

2024-01-30 19:53:55 - [TEST_STEP][PASSED] - click(findTestObject("Object Repository/TC_Amazon_Home_002_OR/Page_Amazon.com/button_Continue shopping")): Object: 'Object Repository/TC_Amazon_Home_002_OR/Page_Amazon.com/button_Continue shopping' is clicked on

2024-01-30 19:53:55 - [MESSAGE][PASSED] - Object: 'Object Repository/TC_Amazon_Home_002_OR/Page_Amazon.com/button_Continue shopping' is clicked on

2024-01-30 19:53:55 - [TEST_STEP][PASSED] - click(findTestObject("Object Repository/TC_Amazon_Home_002_OR/Page_Amazon.com. Spend less. Smile more/span_Hello, sign in")): Object: 'Object Repository/TC_Amazon_Home_002_OR/Page_Amazon.com. Spend less. Smile more/span_Hello, sign in' is clicked on

2024-01-30 19:54:06 - [MESSAGE][PASSED] - Object: 'Object Repository/TC_Amazon_Home_002_OR/Page_Amazon.com. Spend less. Smile more/span_Hello, sign in' is clicked on

2024-01-30 19:54:06 - [TEST_STEP][PASSED] - setText(findTestObject("Object Repository/TC_Amazon_Home_002_OR/Page_Amazon Sign-In/input_email"), "lokeshsai674@gmail.com"): Text 'lokeshsai674@gmail.com' is set on object 'Object Repository/TC_Amazon_Home_002_OR/Page_Amazon Sign-In/input_email'

2024-01-30 19:54:08 - [MESSAGE][PASSED] - Text 'lokeshsai674@gmail.com' is set on object 'Object Repository/TC_Amazon_Home_002_OR/Page_Amazon Sign-In/input_email'

2024-01-30 19:54:08 - [TEST_STEP][PASSED] - click(findTestObject("Object Repository/TC_Amazon_Home_002_OR/Page_Amazon Sign-In/inputcontinue")): Object: 'Object Repository/TC_Amazon_Home_002_OR/Page_Amazon Sign-In/inputcontinue' is clicked on

2024-01-30 19:54:09 - [MESSAGE][PASSED] - Object: 'Object Repository/TC_Amazon_Home_002_OR/Page_Amazon Sign-In/inputcontinue' is clicked on

2024-01-30 19:54:09 - [TEST_STEP][PASSED] - setEncryptedText(findTestObject("Object Repository/TC_Amazon_Home_002_OR/Page_Amazon Sign-In/input_password"), "Kil7TJn2SLijfPVlUCkevA=="): Text ****** has been set on object 'Object Repository/TC_Amazon_Home_002_OR/Page_Amazon Sign-In/input_password'

2024-01-30 19:54:11 - [MESSAGE][PASSED] - Text ****** has been set on object 'Object Repository/TC_Amazon_Home_002_OR/Page_Amazon Sign-In/input_password'

2024-01-30 19:54:11 - [TEST_STEP][PASSED] - click(findTestObject("Object Repository/TC_Amazon_Home_002_OR/Page_Amazon Sign-In/inputsignInSubmit")): Object: 'Object Repository/TC_Amazon_Home_002_OR/Page_Amazon Sign-In/inputsignInSubmit' is clicked on

2024-01-30 19:54:11 - [MESSAGE][PASSED] - Object: 'Object Repository/TC_Amazon_Home_002_OR/Page_Amazon Sign-In/inputsignInSubmit' is clicked on]]></system-out>
         <system-err><![CDATA[]]></system-err>
      </testcase>
      <testcase name="Test Cases/TC_Amazon_Home_003" time="69.79" classname="Test Cases/TC_Amazon_Home_003" status="PASSED">
         <system-out><![CDATA[2024-01-30 19:54:11 - [TEST_CASE][PASSED] - Test Cases/TC_Amazon_Home_003: Test Cases/TC_Amazon_Home_003

2024-01-30 19:54:11 - [TEST_STEP][PASSED] - callTestCase(findTestCase("TC_Amazon_Home_002"), [:], STOP_ON_FAILURE): Call Test Case 'Test Cases/TC_Amazon_Home_002' successfully

2024-01-30 19:54:11 - [TEST_CASE][PASSED] - Test Cases/TC_Amazon_Home_002: Test Cases/TC_Amazon_Home_002

2024-01-30 19:54:11 - [TEST_STEP][PASSED] - openBrowser(""): Browser is opened with url: ''

2024-01-30 19:54:11 - [MESSAGE][WARNING] - A browser is already opened. Closing browser and opening a new one

2024-01-30 19:54:11 - [MESSAGE][INFO] - Starting 'Chrome' driver

2024-01-30 19:54:11 - [MESSAGE][INFO] - Action delay is set to 0 milliseconds

2024-01-30 19:54:12 - [MESSAGE][PASSED] - Browser is opened with url: ''

2024-01-30 19:54:12 - [TEST_STEP][PASSED] - navigateToUrl("https://www.amazon.com/"): Navigate to 'https://www.amazon.com/' successfully

2024-01-30 19:54:13 - [MESSAGE][PASSED] - Navigate to 'https://www.amazon.com/' successfully

2024-01-30 19:54:13 - [TEST_STEP][PASSED] - setText(findTestObject("Object Repository/TC_Amazon_Home_002_OR/Page_Amazon.com/input_field-keywords"), "CMNPTF"): Text 'CMNPTF' is set on object 'Object Repository/TC_Amazon_Home_002_OR/Page_Amazon.com/input_field-keywords'

2024-01-30 19:54:14 - [MESSAGE][PASSED] - Text 'CMNPTF' is set on object 'Object Repository/TC_Amazon_Home_002_OR/Page_Amazon.com/input_field-keywords'

2024-01-30 19:54:14 - [TEST_STEP][PASSED] - click(findTestObject("Object Repository/TC_Amazon_Home_002_OR/Page_Amazon.com/button_Continue shopping")): Object: 'Object Repository/TC_Amazon_Home_002_OR/Page_Amazon.com/button_Continue shopping' is clicked on

2024-01-30 19:54:14 - [MESSAGE][PASSED] - Object: 'Object Repository/TC_Amazon_Home_002_OR/Page_Amazon.com/button_Continue shopping' is clicked on

2024-01-30 19:54:14 - [TEST_STEP][PASSED] - click(findTestObject("Object Repository/TC_Amazon_Home_002_OR/Page_Amazon.com. Spend less. Smile more/span_Hello, sign in")): Object: 'Object Repository/TC_Amazon_Home_002_OR/Page_Amazon.com. Spend less. Smile more/span_Hello, sign in' is clicked on

2024-01-30 19:54:25 - [MESSAGE][PASSED] - Object: 'Object Repository/TC_Amazon_Home_002_OR/Page_Amazon.com. Spend less. Smile more/span_Hello, sign in' is clicked on

2024-01-30 19:54:25 - [TEST_STEP][PASSED] - setText(findTestObject("Object Repository/TC_Amazon_Home_002_OR/Page_Amazon Sign-In/input_email"), "lokeshsai674@gmail.com"): Text 'lokeshsai674@gmail.com' is set on object 'Object Repository/TC_Amazon_Home_002_OR/Page_Amazon Sign-In/input_email'

2024-01-30 19:54:26 - [MESSAGE][PASSED] - Text 'lokeshsai674@gmail.com' is set on object 'Object Repository/TC_Amazon_Home_002_OR/Page_Amazon Sign-In/input_email'

2024-01-30 19:54:26 - [TEST_STEP][PASSED] - click(findTestObject("Object Repository/TC_Amazon_Home_002_OR/Page_Amazon Sign-In/inputcontinue")): Object: 'Object Repository/TC_Amazon_Home_002_OR/Page_Amazon Sign-In/inputcontinue' is clicked on

2024-01-30 19:54:28 - [MESSAGE][PASSED] - Object: 'Object Repository/TC_Amazon_Home_002_OR/Page_Amazon Sign-In/inputcontinue' is clicked on

2024-01-30 19:54:28 - [TEST_STEP][PASSED] - setEncryptedText(findTestObject("Object Repository/TC_Amazon_Home_002_OR/Page_Amazon Sign-In/input_password"), "Kil7TJn2SLijfPVlUCkevA=="): Text ****** has been set on object 'Object Repository/TC_Amazon_Home_002_OR/Page_Amazon Sign-In/input_password'

2024-01-30 19:54:29 - [MESSAGE][PASSED] - Text ****** has been set on object 'Object Repository/TC_Amazon_Home_002_OR/Page_Amazon Sign-In/input_password'

2024-01-30 19:54:29 - [TEST_STEP][PASSED] - click(findTestObject("Object Repository/TC_Amazon_Home_002_OR/Page_Amazon Sign-In/inputsignInSubmit")): Object: 'Object Repository/TC_Amazon_Home_002_OR/Page_Amazon Sign-In/inputsignInSubmit' is clicked on

2024-01-30 19:54:30 - [MESSAGE][PASSED] - Object: 'Object Repository/TC_Amazon_Home_002_OR/Page_Amazon Sign-In/inputsignInSubmit' is clicked on

2024-01-30 19:54:30 - [MESSAGE][PASSED] - Call Test Case 'Test Cases/TC_Amazon_Home_002' successfully

2024-01-30 19:54:30 - [TEST_STEP][PASSED] - navigateToUrl("https://www.amazon.com/?ref_=nav_ya_signin"): Navigate to 'https://www.amazon.com/?ref_=nav_ya_signin' successfully

2024-01-30 19:54:33 - [MESSAGE][PASSED] - Navigate to 'https://www.amazon.com/?ref_=nav_ya_signin' successfully

2024-01-30 19:54:33 - [TEST_STEP][PASSED] - setText(findTestObject("Object Repository/TC_Amazon_Home_003_OR/Page_Amazon.com. Spend less. Smile more/input_field-keywords"), "sony al"): Text 'sony al' is set on object 'Object Repository/TC_Amazon_Home_003_OR/Page_Amazon.com. Spend less. Smile more/input_field-keywords'

2024-01-30 19:54:35 - [MESSAGE][PASSED] - Text 'sony al' is set on object 'Object Repository/TC_Amazon_Home_003_OR/Page_Amazon.com. Spend less. Smile more/input_field-keywords'

2024-01-30 19:54:35 - [TEST_STEP][PASSED] - click(findTestObject("Object Repository/TC_Amazon_Home_003_OR/Page_Amazon.com. Spend less. Smile more/span_pha a7 iii")): Object: 'Object Repository/TC_Amazon_Home_003_OR/Page_Amazon.com. Spend less. Smile more/span_pha a7 iii' is clicked on

2024-01-30 19:54:39 - [MESSAGE][PASSED] - Object: 'Object Repository/TC_Amazon_Home_003_OR/Page_Amazon.com. Spend less. Smile more/span_pha a7 iii' is clicked on

2024-01-30 19:54:39 - [TEST_STEP][PASSED] - click(findTestObject("Object Repository/TC_Amazon_Home_003_OR/Page_Amazon.com  sony alpha a7 iii/span_a7 III (ILCEM3KB) Full-frame Mirrorles_d5ddf0")): Object: 'Object Repository/TC_Amazon_Home_003_OR/Page_Amazon.com  sony alpha a7 iii/span_a7 III (ILCEM3KB) Full-frame Mirrorles_d5ddf0' is clicked on

2024-01-30 19:55:10 - [MESSAGE][INFO] - Unable to find the element located by 'By.xpath: //div[@id='search']/div/div/div/span/div/div[3]/div/div/span/div/div/div/div[2]/div/div/div/h2/a/span'. Please recheck the objects properties to make sure the desired element is located. 

2024-01-30 19:55:10 - [MESSAGE][WARNING] - [SELF-HEALING] Failed to find element with id 'Object Repository/TC_Amazon_Home_003_OR/Page_Amazon.com  sony alpha a7 iii/span_a7 III (ILCEM3KB) Full-frame Mirrorles_d5ddf0'. Try using Self-healing.

2024-01-30 19:55:10 - [MESSAGE][INFO] - [SELF-HEALING] Failed Locator: '//div[@id='search']/div/div/div/span/div/div[3]/div/div/span/div/div/div/div[2]/div/div/div/h2/a/span'.

2024-01-30 19:55:11 - [MESSAGE][INFO] - [SELF-HEALING] Failed Locator: '//div[3]/div/div/span/div/div/div/div[2]/div/div/div/h2/a/span'.

2024-01-30 19:55:11 - [MESSAGE][INFO] - [SELF-HEALING] Working Locator: '//span[(text() = 'a7 III (ILCEM3K/B) Full-frame Mirrorless Interchangeable-Lens Camera with 28-70mm Lens with 3-Inch LCD, Black' or . = 'a7 III (ILCEM3K/B) Full-frame Mirrorless Interchangeable-Lens Camera with 28-70mm Lens with 3-Inch LCD, Black')]'.

2024-01-30 19:55:11 - [MESSAGE][INFO] - [SELF-HEALING] Screenshot: C:/Users/yeddula sai lokesh/git/Amazon_Test/Reports/Self-healing/Object Repository/TC_Amazon_Home_003_OR/Page_Amazon.com  sony alpha a7 iii/span_a7 III (ILCEM3KB) Full-frame Mirrorles_d5ddf0_customAttributes.png

2024-01-30 19:55:11 - [MESSAGE][WARNING] - [SELF-HEALING] The current locator of test object 'Object Repository/TC_Amazon_Home_003_OR/Page_Amazon.com  sony alpha a7 iii/span_a7 III (ILCEM3KB) Full-frame Mirrorles_d5ddf0' was broken. Propose an alternative one: '//span[(text() = 'a7 III (ILCEM3K/B) Full-frame Mirrorless Interchangeable-Lens Camera with 28-70mm Lens with 3-Inch LCD, Black' or . = 'a7 III (ILCEM3K/B) Full-frame Mirrorless Interchangeable-Lens Camera with 28-70mm Lens with 3-Inch LCD, Black')]'.

2024-01-30 19:55:16 - [MESSAGE][PASSED] - Object: 'Object Repository/TC_Amazon_Home_003_OR/Page_Amazon.com  sony alpha a7 iii/span_a7 III (ILCEM3KB) Full-frame Mirrorles_d5ddf0' is clicked on

2024-01-30 19:55:16 - [TEST_STEP][PASSED] - click(findTestObject("Object Repository/TC_Amazon_Home_003_OR/Page_Amazon.com  Sony a7 III (ILCEM3KB) Ful_4e29c8/input_submit.add-to-registry.wishlist")): Object: 'Object Repository/TC_Amazon_Home_003_OR/Page_Amazon.com  Sony a7 III (ILCEM3KB) Ful_4e29c8/input_submit.add-to-registry.wishlist' is clicked on

2024-01-30 19:55:18 - [MESSAGE][PASSED] - Object: 'Object Repository/TC_Amazon_Home_003_OR/Page_Amazon.com  Sony a7 III (ILCEM3KB) Ful_4e29c8/input_submit.add-to-registry.wishlist' is clicked on

2024-01-30 19:55:18 - [TEST_STEP][PASSED] - click(findTestObject("Object Repository/TC_Amazon_Home_003_OR/Page_Amazon.com  Sony a7 III (ILCEM3KB) Ful_4e29c8/a_View Your List")): Object: 'Object Repository/TC_Amazon_Home_003_OR/Page_Amazon.com  Sony a7 III (ILCEM3KB) Ful_4e29c8/a_View Your List' is clicked on

2024-01-30 19:55:20 - [MESSAGE][PASSED] - Object: 'Object Repository/TC_Amazon_Home_003_OR/Page_Amazon.com  Sony a7 III (ILCEM3KB) Ful_4e29c8/a_View Your List' is clicked on

2024-01-30 19:55:20 - [TEST_STEP][PASSED] - closeBrowser(): Browser is closed

2024-01-30 19:55:21 - [MESSAGE][PASSED] - Browser is closed]]></system-out>
         <system-err><![CDATA[]]></system-err>
      </testcase>
      <testcase name="Test Cases/TC_Amazon_Home_004" time="38.513" classname="Test Cases/TC_Amazon_Home_004" status="PASSED">
         <system-out><![CDATA[2024-01-30 19:55:21 - [TEST_CASE][PASSED] - Test Cases/TC_Amazon_Home_004: Test Cases/TC_Amazon_Home_004

2024-01-30 19:55:21 - [TEST_STEP][PASSED] - callTestCase(findTestCase("TC_Amazon_Home_002"), [:], STOP_ON_FAILURE): Call Test Case 'Test Cases/TC_Amazon_Home_002' successfully

2024-01-30 19:55:21 - [TEST_CASE][PASSED] - Test Cases/TC_Amazon_Home_002: Test Cases/TC_Amazon_Home_002

2024-01-30 19:55:21 - [TEST_STEP][PASSED] - openBrowser(""): Browser is opened with url: ''

2024-01-30 19:55:21 - [MESSAGE][INFO] - Starting 'Chrome' driver

2024-01-30 19:55:21 - [MESSAGE][INFO] - Action delay is set to 0 milliseconds

2024-01-30 19:55:21 - [MESSAGE][PASSED] - Browser is opened with url: ''

2024-01-30 19:55:21 - [TEST_STEP][PASSED] - navigateToUrl("https://www.amazon.com/"): Navigate to 'https://www.amazon.com/' successfully

2024-01-30 19:55:23 - [MESSAGE][PASSED] - Navigate to 'https://www.amazon.com/' successfully

2024-01-30 19:55:23 - [TEST_STEP][PASSED] - setText(findTestObject("Object Repository/TC_Amazon_Home_002_OR/Page_Amazon.com/input_field-keywords"), "CMNPTF"): Text 'CMNPTF' is set on object 'Object Repository/TC_Amazon_Home_002_OR/Page_Amazon.com/input_field-keywords'

2024-01-30 19:55:24 - [MESSAGE][PASSED] - Text 'CMNPTF' is set on object 'Object Repository/TC_Amazon_Home_002_OR/Page_Amazon.com/input_field-keywords'

2024-01-30 19:55:24 - [TEST_STEP][PASSED] - click(findTestObject("Object Repository/TC_Amazon_Home_002_OR/Page_Amazon.com/button_Continue shopping")): Object: 'Object Repository/TC_Amazon_Home_002_OR/Page_Amazon.com/button_Continue shopping' is clicked on

2024-01-30 19:55:24 - [MESSAGE][PASSED] - Object: 'Object Repository/TC_Amazon_Home_002_OR/Page_Amazon.com/button_Continue shopping' is clicked on

2024-01-30 19:55:24 - [TEST_STEP][PASSED] - click(findTestObject("Object Repository/TC_Amazon_Home_002_OR/Page_Amazon.com. Spend less. Smile more/span_Hello, sign in")): Object: 'Object Repository/TC_Amazon_Home_002_OR/Page_Amazon.com. Spend less. Smile more/span_Hello, sign in' is clicked on

2024-01-30 19:55:36 - [MESSAGE][PASSED] - Object: 'Object Repository/TC_Amazon_Home_002_OR/Page_Amazon.com. Spend less. Smile more/span_Hello, sign in' is clicked on

2024-01-30 19:55:36 - [TEST_STEP][PASSED] - setText(findTestObject("Object Repository/TC_Amazon_Home_002_OR/Page_Amazon Sign-In/input_email"), "lokeshsai674@gmail.com"): Text 'lokeshsai674@gmail.com' is set on object 'Object Repository/TC_Amazon_Home_002_OR/Page_Amazon Sign-In/input_email'

2024-01-30 19:55:37 - [MESSAGE][PASSED] - Text 'lokeshsai674@gmail.com' is set on object 'Object Repository/TC_Amazon_Home_002_OR/Page_Amazon Sign-In/input_email'

2024-01-30 19:55:37 - [TEST_STEP][PASSED] - click(findTestObject("Object Repository/TC_Amazon_Home_002_OR/Page_Amazon Sign-In/inputcontinue")): Object: 'Object Repository/TC_Amazon_Home_002_OR/Page_Amazon Sign-In/inputcontinue' is clicked on

2024-01-30 19:55:39 - [MESSAGE][PASSED] - Object: 'Object Repository/TC_Amazon_Home_002_OR/Page_Amazon Sign-In/inputcontinue' is clicked on

2024-01-30 19:55:39 - [TEST_STEP][PASSED] - setEncryptedText(findTestObject("Object Repository/TC_Amazon_Home_002_OR/Page_Amazon Sign-In/input_password"), "Kil7TJn2SLijfPVlUCkevA=="): Text ****** has been set on object 'Object Repository/TC_Amazon_Home_002_OR/Page_Amazon Sign-In/input_password'

2024-01-30 19:55:40 - [MESSAGE][PASSED] - Text ****** has been set on object 'Object Repository/TC_Amazon_Home_002_OR/Page_Amazon Sign-In/input_password'

2024-01-30 19:55:40 - [TEST_STEP][PASSED] - click(findTestObject("Object Repository/TC_Amazon_Home_002_OR/Page_Amazon Sign-In/inputsignInSubmit")): Object: 'Object Repository/TC_Amazon_Home_002_OR/Page_Amazon Sign-In/inputsignInSubmit' is clicked on

2024-01-30 19:55:40 - [MESSAGE][PASSED] - Object: 'Object Repository/TC_Amazon_Home_002_OR/Page_Amazon Sign-In/inputsignInSubmit' is clicked on

2024-01-30 19:55:40 - [MESSAGE][PASSED] - Call Test Case 'Test Cases/TC_Amazon_Home_002' successfully

2024-01-30 19:55:40 - [TEST_STEP][PASSED] - navigateToUrl("https://www.amazon.com/?ref_=nav_ya_signin"): Navigate to 'https://www.amazon.com/?ref_=nav_ya_signin' successfully

2024-01-30 19:55:44 - [MESSAGE][PASSED] - Navigate to 'https://www.amazon.com/?ref_=nav_ya_signin' successfully

2024-01-30 19:55:44 - [TEST_STEP][PASSED] - setText(findTestObject("Object Repository/TC_Amazon_Home_004_OR/Page_Amazon.com. Spend less. Smile more/input_field-keywords"), "Sony alpha"): Text 'Sony alpha' is set on object 'Object Repository/TC_Amazon_Home_004_OR/Page_Amazon.com. Spend less. Smile more/input_field-keywords'

2024-01-30 19:55:45 - [MESSAGE][PASSED] - Text 'Sony alpha' is set on object 'Object Repository/TC_Amazon_Home_004_OR/Page_Amazon.com. Spend less. Smile more/input_field-keywords'

2024-01-30 19:55:45 - [TEST_STEP][PASSED] - click(findTestObject("Object Repository/TC_Amazon_Home_004_OR/Page_Amazon.com. Spend less. Smile more/div_sony alpha 7 iii")): Object: 'Object Repository/TC_Amazon_Home_004_OR/Page_Amazon.com. Spend less. Smile more/div_sony alpha 7 iii' is clicked on

2024-01-30 19:55:49 - [MESSAGE][PASSED] - Object: 'Object Repository/TC_Amazon_Home_004_OR/Page_Amazon.com. Spend less. Smile more/div_sony alpha 7 iii' is clicked on

2024-01-30 19:55:49 - [TEST_STEP][PASSED] - click(findTestObject("Object Repository/TC_Amazon_Home_004_OR/Page_Amazon.com  sony alpha 7 iii/button_Add to Cart")): Object: 'Object Repository/TC_Amazon_Home_004_OR/Page_Amazon.com  sony alpha 7 iii/button_Add to Cart' is clicked on

2024-01-30 19:55:51 - [MESSAGE][PASSED] - Object: 'Object Repository/TC_Amazon_Home_004_OR/Page_Amazon.com  sony alpha 7 iii/button_Add to Cart' is clicked on

2024-01-30 19:55:51 - [TEST_STEP][PASSED] - click(findTestObject("Object Repository/TC_Amazon_Home_004_OR/Page_Amazon.com  sony alpha 7 iii/a_1                                        _aa7e84")): Object: 'Object Repository/TC_Amazon_Home_004_OR/Page_Amazon.com  sony alpha 7 iii/a_1                                        _aa7e84' is clicked on

2024-01-30 19:55:56 - [MESSAGE][PASSED] - Object: 'Object Repository/TC_Amazon_Home_004_OR/Page_Amazon.com  sony alpha 7 iii/a_1                                        _aa7e84' is clicked on

2024-01-30 19:55:56 - [TEST_STEP][PASSED] - rightClick(findTestObject("Object Repository/TC_Amazon_Home_004_OR/Page_Amazon.com Shopping Cart/div_Sony Alpha a7 III 24.2MP Full Frame Mir_fd4d59")): Object: 'Object Repository/TC_Amazon_Home_004_OR/Page_Amazon.com Shopping Cart/div_Sony Alpha a7 III 24.2MP Full Frame Mir_fd4d59' is right clicked on

2024-01-30 19:55:57 - [MESSAGE][PASSED] - Object: 'Object Repository/TC_Amazon_Home_004_OR/Page_Amazon.com Shopping Cart/div_Sony Alpha a7 III 24.2MP Full Frame Mir_fd4d59' is right clicked on

2024-01-30 19:55:57 - [TEST_STEP][PASSED] - rightClick(findTestObject("Object Repository/TC_Amazon_Home_004_OR/Page_Amazon.com Shopping Cart/ul_Sony Alpha a7 III 24.2MP Full Frame Mirr_97b5a6")): Object: 'Object Repository/TC_Amazon_Home_004_OR/Page_Amazon.com Shopping Cart/ul_Sony Alpha a7 III 24.2MP Full Frame Mirr_97b5a6' is right clicked on

2024-01-30 19:55:58 - [MESSAGE][PASSED] - Object: 'Object Repository/TC_Amazon_Home_004_OR/Page_Amazon.com Shopping Cart/ul_Sony Alpha a7 III 24.2MP Full Frame Mirr_97b5a6' is right clicked on

2024-01-30 19:55:58 - [TEST_STEP][PASSED] - click(findTestObject("Object Repository/TC_Amazon_Home_004_OR/Page_Amazon.com Shopping Cart/h2_Your Items")): Object: 'Object Repository/TC_Amazon_Home_004_OR/Page_Amazon.com Shopping Cart/h2_Your Items' is clicked on

2024-01-30 19:55:58 - [MESSAGE][PASSED] - Object: 'Object Repository/TC_Amazon_Home_004_OR/Page_Amazon.com Shopping Cart/h2_Your Items' is clicked on

2024-01-30 19:55:58 - [TEST_STEP][PASSED] - rightClick(findTestObject("Object Repository/TC_Amazon_Home_004_OR/Page_Amazon.com Shopping Cart/div_Sony Alpha a7 III 24.2MP Full Frame Mir_94049c")): Object: 'Object Repository/TC_Amazon_Home_004_OR/Page_Amazon.com Shopping Cart/div_Sony Alpha a7 III 24.2MP Full Frame Mir_94049c' is right clicked on

2024-01-30 19:55:59 - [MESSAGE][PASSED] - Object: 'Object Repository/TC_Amazon_Home_004_OR/Page_Amazon.com Shopping Cart/div_Sony Alpha a7 III 24.2MP Full Frame Mir_94049c' is right clicked on

2024-01-30 19:55:59 - [TEST_STEP][PASSED] - closeBrowser(): Browser is closed

2024-01-30 19:55:59 - [MESSAGE][PASSED] - Browser is closed]]></system-out>
         <system-err><![CDATA[]]></system-err>
      </testcase>
      <testcase name="Test Cases/TC_Amazon_Home_005" time="42.414" classname="Test Cases/TC_Amazon_Home_005" status="PASSED">
         <system-out><![CDATA[2024-01-30 19:55:59 - [TEST_CASE][PASSED] - Test Cases/TC_Amazon_Home_005: Test Cases/TC_Amazon_Home_005

2024-01-30 19:55:59 - [TEST_STEP][PASSED] - callTestCase(findTestCase("TC_Amazon_Home_002"), [:], STOP_ON_FAILURE): Call Test Case 'Test Cases/TC_Amazon_Home_002' successfully

2024-01-30 19:55:59 - [TEST_CASE][PASSED] - Test Cases/TC_Amazon_Home_002: Test Cases/TC_Amazon_Home_002

2024-01-30 19:55:59 - [TEST_STEP][PASSED] - openBrowser(""): Browser is opened with url: ''

2024-01-30 19:55:59 - [MESSAGE][INFO] - Starting 'Chrome' driver

2024-01-30 19:55:59 - [MESSAGE][INFO] - Action delay is set to 0 milliseconds

2024-01-30 19:56:00 - [MESSAGE][PASSED] - Browser is opened with url: ''

2024-01-30 19:56:00 - [TEST_STEP][PASSED] - navigateToUrl("https://www.amazon.com/"): Navigate to 'https://www.amazon.com/' successfully

2024-01-30 19:56:02 - [MESSAGE][PASSED] - Navigate to 'https://www.amazon.com/' successfully

2024-01-30 19:56:02 - [TEST_STEP][PASSED] - setText(findTestObject("Object Repository/TC_Amazon_Home_002_OR/Page_Amazon.com/input_field-keywords"), "CMNPTF"): Text 'CMNPTF' is set on object 'Object Repository/TC_Amazon_Home_002_OR/Page_Amazon.com/input_field-keywords'

2024-01-30 19:56:02 - [MESSAGE][PASSED] - Text 'CMNPTF' is set on object 'Object Repository/TC_Amazon_Home_002_OR/Page_Amazon.com/input_field-keywords'

2024-01-30 19:56:02 - [TEST_STEP][PASSED] - click(findTestObject("Object Repository/TC_Amazon_Home_002_OR/Page_Amazon.com/button_Continue shopping")): Object: 'Object Repository/TC_Amazon_Home_002_OR/Page_Amazon.com/button_Continue shopping' is clicked on

2024-01-30 19:56:03 - [MESSAGE][PASSED] - Object: 'Object Repository/TC_Amazon_Home_002_OR/Page_Amazon.com/button_Continue shopping' is clicked on

2024-01-30 19:56:03 - [TEST_STEP][PASSED] - click(findTestObject("Object Repository/TC_Amazon_Home_002_OR/Page_Amazon.com. Spend less. Smile more/span_Hello, sign in")): Object: 'Object Repository/TC_Amazon_Home_002_OR/Page_Amazon.com. Spend less. Smile more/span_Hello, sign in' is clicked on

2024-01-30 19:56:16 - [MESSAGE][PASSED] - Object: 'Object Repository/TC_Amazon_Home_002_OR/Page_Amazon.com. Spend less. Smile more/span_Hello, sign in' is clicked on

2024-01-30 19:56:16 - [TEST_STEP][PASSED] - setText(findTestObject("Object Repository/TC_Amazon_Home_002_OR/Page_Amazon Sign-In/input_email"), "lokeshsai674@gmail.com"): Text 'lokeshsai674@gmail.com' is set on object 'Object Repository/TC_Amazon_Home_002_OR/Page_Amazon Sign-In/input_email'

2024-01-30 19:56:17 - [MESSAGE][PASSED] - Text 'lokeshsai674@gmail.com' is set on object 'Object Repository/TC_Amazon_Home_002_OR/Page_Amazon Sign-In/input_email'

2024-01-30 19:56:17 - [TEST_STEP][PASSED] - click(findTestObject("Object Repository/TC_Amazon_Home_002_OR/Page_Amazon Sign-In/inputcontinue")): Object: 'Object Repository/TC_Amazon_Home_002_OR/Page_Amazon Sign-In/inputcontinue' is clicked on

2024-01-30 19:56:19 - [MESSAGE][PASSED] - Object: 'Object Repository/TC_Amazon_Home_002_OR/Page_Amazon Sign-In/inputcontinue' is clicked on

2024-01-30 19:56:19 - [TEST_STEP][PASSED] - setEncryptedText(findTestObject("Object Repository/TC_Amazon_Home_002_OR/Page_Amazon Sign-In/input_password"), "Kil7TJn2SLijfPVlUCkevA=="): Text ****** has been set on object 'Object Repository/TC_Amazon_Home_002_OR/Page_Amazon Sign-In/input_password'

2024-01-30 19:56:20 - [MESSAGE][PASSED] - Text ****** has been set on object 'Object Repository/TC_Amazon_Home_002_OR/Page_Amazon Sign-In/input_password'

2024-01-30 19:56:20 - [TEST_STEP][PASSED] - click(findTestObject("Object Repository/TC_Amazon_Home_002_OR/Page_Amazon Sign-In/inputsignInSubmit")): Object: 'Object Repository/TC_Amazon_Home_002_OR/Page_Amazon Sign-In/inputsignInSubmit' is clicked on

2024-01-30 19:56:20 - [MESSAGE][PASSED] - Object: 'Object Repository/TC_Amazon_Home_002_OR/Page_Amazon Sign-In/inputsignInSubmit' is clicked on

2024-01-30 19:56:20 - [MESSAGE][PASSED] - Call Test Case 'Test Cases/TC_Amazon_Home_002' successfully

2024-01-30 19:56:20 - [TEST_STEP][PASSED] - navigateToUrl("https://www.amazon.com/?ref_=nav_ya_signin"): Navigate to 'https://www.amazon.com/?ref_=nav_ya_signin' successfully

2024-01-30 19:56:24 - [MESSAGE][PASSED] - Navigate to 'https://www.amazon.com/?ref_=nav_ya_signin' successfully

2024-01-30 19:56:24 - [TEST_STEP][PASSED] - setText(findTestObject("Object Repository/TC_Amazon_Home_005_OR/Page_Amazon.com. Spend less. Smile more/input_field-keywords"), "Gimbal"): Text 'Gimbal' is set on object 'Object Repository/TC_Amazon_Home_005_OR/Page_Amazon.com. Spend less. Smile more/input_field-keywords'

2024-01-30 19:56:25 - [MESSAGE][PASSED] - Text 'Gimbal' is set on object 'Object Repository/TC_Amazon_Home_005_OR/Page_Amazon.com. Spend less. Smile more/input_field-keywords'

2024-01-30 19:56:25 - [TEST_STEP][PASSED] - click(findTestObject("Object Repository/TC_Amazon_Home_005_OR/Page_Amazon.com. Spend less. Smile more/span_stabilizer for camera")): Object: 'Object Repository/TC_Amazon_Home_005_OR/Page_Amazon.com. Spend less. Smile more/span_stabilizer for camera' is clicked on

2024-01-30 19:56:29 - [MESSAGE][PASSED] - Object: 'Object Repository/TC_Amazon_Home_005_OR/Page_Amazon.com. Spend less. Smile more/span_stabilizer for camera' is clicked on

2024-01-30 19:56:29 - [TEST_STEP][PASSED] - click(findTestObject("Object Repository/TC_Amazon_Home_005_OR/Page_Amazon.com  gimbal stabilizer for camera/span_RS 3, 3-Axis Gimbal for DSLR and Mirro_ad700c")): Object: 'Object Repository/TC_Amazon_Home_005_OR/Page_Amazon.com  gimbal stabilizer for camera/span_RS 3, 3-Axis Gimbal for DSLR and Mirro_ad700c' is clicked on

2024-01-30 19:56:35 - [MESSAGE][PASSED] - Object: 'Object Repository/TC_Amazon_Home_005_OR/Page_Amazon.com  gimbal stabilizer for camera/span_RS 3, 3-Axis Gimbal for DSLR and Mirro_ad700c' is clicked on

2024-01-30 19:56:35 - [TEST_STEP][PASSED] - click(findTestObject("Object Repository/TC_Amazon_Home_005_OR/Page_Amazon.com  DJI RS 3, 3-Axis Gimbal fo_e25f7a/span_929 ratings")): Object: 'Object Repository/TC_Amazon_Home_005_OR/Page_Amazon.com  DJI RS 3, 3-Axis Gimbal fo_e25f7a/span_929 ratings' is clicked on

2024-01-30 19:56:41 - [MESSAGE][PASSED] - Object: 'Object Repository/TC_Amazon_Home_005_OR/Page_Amazon.com  DJI RS 3, 3-Axis Gimbal fo_e25f7a/span_929 ratings' is clicked on

2024-01-30 19:56:41 - [TEST_STEP][PASSED] - verifyElementText(findTestObject("Object Repository/TC_Amazon_Home_005_OR/Page_Amazon.com  DJI RS 3, 3-Axis Gimbal fo_e25f7a/h3_Top reviews from the United States"), "Top reviews from the United States"): Actual text and expected text of test object 'Object Repository/TC_Amazon_Home_005_OR/Page_Amazon.com  DJI RS 3, 3-Axis Gimbal fo_e25f7a/h3_Top reviews from the United States' are matched.

2024-01-30 19:56:41 - [MESSAGE][PASSED] - Actual text and expected text of test object 'Object Repository/TC_Amazon_Home_005_OR/Page_Amazon.com  DJI RS 3, 3-Axis Gimbal fo_e25f7a/h3_Top reviews from the United States' are matched.

2024-01-30 19:56:41 - [TEST_STEP][PASSED] - closeBrowser(): Browser is closed

2024-01-30 19:56:42 - [MESSAGE][PASSED] - Browser is closed]]></system-out>
         <system-err><![CDATA[]]></system-err>
      </testcase>
      <system-out><![CDATA[2024-01-30 19:53:32 - [TEST_SUITE][PASSED] - Amazon_Test_Suite: Test Cases/TC_Amazon_Home_005]]></system-out>
      <system-err><![CDATA[]]></system-err>
   </testsuite>
</testsuites>
