<?xml version="1.0" encoding="UTF-8"?>
<testsuites name="TL_Amazon_wishlist_testsuite" time="42.196" tests="1" failures="0" errors="0">
   <testsuite name="TL_Amazon_wishlist_testsuite" tests="1" failures="0" errors="0" time="42.196" skipped="0" timestamp="01-02-2024T19:51:46" hostname="yeddula sai lokesh - LAPTOP-66KHDLCV" id="Test Suites/Amazon_TL_Testsuite/TL_Amazon_wishlist_testsuite">
      <properties>
         <property name="deviceName" value=""/>
         <property name="devicePlatform" value=""/>
         <property name="logFolder" value="C:\\Users\\yeddula sai lokesh\\git\\Amazon_Test\\Reports\\20240201_195138\\Amazon_TL_Testsuite\\TL_Amazon_wishlist_testsuite\\20240201_195143"/>
         <property name="logFiles" value="C:\\Users\\yeddula sai lokesh\\git\\Amazon_Test\\Reports\\20240201_195138\\Amazon_TL_Testsuite\\TL_Amazon_wishlist_testsuite\\20240201_195143\\execution0.log"/>
         <property name="attachments" value=""/>
         <property name="hostName" value="yeddula sai lokesh - LAPTOP-66KHDLCV"/>
         <property name="os" value="Windows 11 64bit"/>
         <property name="katalonVersion" value="9.2.0.212"/>
         <property name="browser" value="Chrome 120.0.0.0"/>
         <property name="hostAddress" value="192.168.1.2"/>
         <property name="sessionId" value="785dd05b9715f4f1837aaf59c40ad647"/>
         <property name="seleniumVersion" value="3.141.59"/>
         <property name="proxyInformation" value="ProxyInformation { proxyOption=NO_PROXY, proxyServerType=HTTP, username=, password=********, proxyServerAddress=, proxyServerPort=0, executionList=&quot;&quot;, isApplyToDesiredCapabilities=true }"/>
         <property name="platform" value="Windows 11"/>
      </properties>
      <testcase name="Test Cases/TestCase Using Test Listeners/TC_TL_Amazon_wishlist" time="26.25" classname="Test Cases/TestCase Using Test Listeners/TC_TL_Amazon_wishlist" status="PASSED">
         <system-out><![CDATA[01-02-2024T19:52:02 - [TEST_CASE][PASSED] - Test Cases/TestCase Using Test Listeners/TC_TL_Amazon_wishlist: Test Cases/TestCase Using Test Listeners/TC_TL_Amazon_wishlist

01-02-2024T19:52:02 - [TEST_STEP][PASSED] - Start listener action : sampleBeforeTestCase: Object: 'Object Repository/TC_TL_Amazon_wishlist/Page_Amazon Sign-In/inputsignInSubmit' is clicked on

01-02-2024T19:52:02 - [TEST_STEP][PASSED] - setText(findTestObject("Object Repository/TC_TL_Amazon_wishlist/Page_Amazon Sign-In/input_email"), "lokeshsai674@gmail.com"): Text 'lokeshsai674@gmail.com' is set on object 'Object Repository/TC_TL_Amazon_wishlist/Page_Amazon Sign-In/input_email'

01-02-2024T19:52:03 - [MESSAGE][PASSED] - Text 'lokeshsai674@gmail.com' is set on object 'Object Repository/TC_TL_Amazon_wishlist/Page_Amazon Sign-In/input_email'

01-02-2024T19:52:03 - [TEST_STEP][PASSED] - click(findTestObject("Object Repository/TC_TL_Amazon_wishlist/Page_Amazon Sign-In/inputcontinue")): Object: 'Object Repository/TC_TL_Amazon_wishlist/Page_Amazon Sign-In/inputcontinue' is clicked on

01-02-2024T19:52:05 - [MESSAGE][PASSED] - Object: 'Object Repository/TC_TL_Amazon_wishlist/Page_Amazon Sign-In/inputcontinue' is clicked on

01-02-2024T19:52:05 - [TEST_STEP][PASSED] - setEncryptedText(findTestObject("Object Repository/TC_TL_Amazon_wishlist/Page_Amazon Sign-In/input_password"), "Kil7TJn2SLijfPVlUCkevA=="): Text ****** has been set on object 'Object Repository/TC_TL_Amazon_wishlist/Page_Amazon Sign-In/input_password'

01-02-2024T19:52:06 - [MESSAGE][PASSED] - Text ****** has been set on object 'Object Repository/TC_TL_Amazon_wishlist/Page_Amazon Sign-In/input_password'

01-02-2024T19:52:06 - [TEST_STEP][PASSED] - click(findTestObject("Object Repository/TC_TL_Amazon_wishlist/Page_Amazon Sign-In/inputsignInSubmit")): Object: 'Object Repository/TC_TL_Amazon_wishlist/Page_Amazon Sign-In/inputsignInSubmit' is clicked on

01-02-2024T19:52:06 - [MESSAGE][PASSED] - Object: 'Object Repository/TC_TL_Amazon_wishlist/Page_Amazon Sign-In/inputsignInSubmit' is clicked on

01-02-2024T19:52:06 - [TEST_STEP][PASSED] - setText(findTestObject("Object Repository/TC_TL_Amazon_wishlist/Page_Amazon.com. Spend less. Smile more/input_field-keywords"), "da vinci code book"): Text 'da vinci code book' is set on object 'Object Repository/TC_TL_Amazon_wishlist/Page_Amazon.com. Spend less. Smile more/input_field-keywords'

01-02-2024T19:52:10 - [MESSAGE][PASSED] - Text 'da vinci code book' is set on object 'Object Repository/TC_TL_Amazon_wishlist/Page_Amazon.com. Spend less. Smile more/input_field-keywords'

01-02-2024T19:52:10 - [TEST_STEP][PASSED] - click(findTestObject("Object Repository/TC_TL_Amazon_wishlist/Page_Amazon.com. Spend less. Smile more/inputnav-search-submit-button")): Object: 'Object Repository/TC_TL_Amazon_wishlist/Page_Amazon.com. Spend less. Smile more/inputnav-search-submit-button' is clicked on

01-02-2024T19:52:14 - [MESSAGE][PASSED] - Object: 'Object Repository/TC_TL_Amazon_wishlist/Page_Amazon.com. Spend less. Smile more/inputnav-search-submit-button' is clicked on

01-02-2024T19:52:14 - [TEST_STEP][PASSED] - click(findTestObject("Object Repository/TC_TL_Amazon_wishlist/Page_Amazon.com  da vinci code book/span_The Da Vinci Code (Robert Langdon)")): Object: 'Object Repository/TC_TL_Amazon_wishlist/Page_Amazon.com  da vinci code book/span_The Da Vinci Code (Robert Langdon)' is clicked on

01-02-2024T19:52:20 - [MESSAGE][PASSED] - Object: 'Object Repository/TC_TL_Amazon_wishlist/Page_Amazon.com  da vinci code book/span_The Da Vinci Code (Robert Langdon)' is clicked on

01-02-2024T19:52:20 - [TEST_STEP][PASSED] - click(findTestObject("Object Repository/TC_TL_Amazon_wishlist/Page_The Da Vinci Code (Robert Langdon) Bro_e0923b/input_submit.add-to-registry.wishlist")): Object: 'Object Repository/TC_TL_Amazon_wishlist/Page_The Da Vinci Code (Robert Langdon) Bro_e0923b/input_submit.add-to-registry.wishlist' is clicked on

01-02-2024T19:52:21 - [MESSAGE][PASSED] - Object: 'Object Repository/TC_TL_Amazon_wishlist/Page_The Da Vinci Code (Robert Langdon) Bro_e0923b/input_submit.add-to-registry.wishlist' is clicked on

01-02-2024T19:52:21 - [TEST_STEP][PASSED] - click(findTestObject("Object Repository/TC_TL_Amazon_wishlist/Page_The Da Vinci Code (Robert Langdon) Bro_e0923b/a_View Your List")): Object: 'Object Repository/TC_TL_Amazon_wishlist/Page_The Da Vinci Code (Robert Langdon) Bro_e0923b/a_View Your List' is clicked on

01-02-2024T19:52:24 - [MESSAGE][PASSED] - Object: 'Object Repository/TC_TL_Amazon_wishlist/Page_The Da Vinci Code (Robert Langdon) Bro_e0923b/a_View Your List' is clicked on

01-02-2024T19:52:24 - [TEST_STEP][PASSED] - Start listener action : sampleAfterTestCase: Object: 'Object Repository/TC_TL_Amazon_wishlist/Page_Amazon.com/a_Sign Out' is clicked on

01-02-2024T19:52:24 - [TEST_STEP][PASSED] - click(findTestObject("Object Repository/TC_TL_Amazon_wishlist/Page_Amazon.com/a_All")): Object: 'Object Repository/TC_TL_Amazon_wishlist/Page_Amazon.com/a_All' is clicked on

01-02-2024T19:52:25 - [MESSAGE][PASSED] - Object: 'Object Repository/TC_TL_Amazon_wishlist/Page_Amazon.com/a_All' is clicked on

01-02-2024T19:52:25 - [TEST_STEP][PASSED] - click(findTestObject("Object Repository/TC_TL_Amazon_wishlist/Page_Amazon.com/a_Sign Out")): Object: 'Object Repository/TC_TL_Amazon_wishlist/Page_Amazon.com/a_Sign Out' is clicked on

01-02-2024T19:52:28 - [MESSAGE][PASSED] - Object: 'Object Repository/TC_TL_Amazon_wishlist/Page_Amazon.com/a_Sign Out' is clicked on]]></system-out>
         <system-err><![CDATA[]]></system-err>
      </testcase>
      <system-out><![CDATA[01-02-2024T19:51:46 - [TEST_SUITE][PASSED] - TL_Amazon_wishlist_testsuite: Test Cases/TestCase Using Test Listeners/TC_TL_Amazon_wishlist]]></system-out>
      <system-err><![CDATA[]]></system-err>
   </testsuite>
</testsuites>
